{"contracts/IoTeXNetwork.sol":{"l":{"16":5,"17":5,"18":5,"22":8,"23":8,"24":8,"30":3,"36":2,"41":1,"46":1,"51":1},"path":"/Users/raullen/work/src/github.com/iotexproject/IOTX-token-contracts/contracts/IoTeXNetwork.sol","s":{"1":5,"2":5,"3":8,"4":8,"5":8,"6":3,"7":2,"8":1,"9":1,"10":1},"b":{"1":[5,0],"2":[5,0]},"f":{"1":5,"2":8,"3":3,"4":2,"5":1,"6":1,"7":1},"fnMap":{"1":{"name":"validDestination","line":15,"loc":{"start":{"line":15,"column":4},"end":{"line":15,"column":39}}},"2":{"name":"IoTeXNetwork","line":21,"loc":{"start":{"line":21,"column":4},"end":{"line":21,"column":46}}},"3":{"name":"transfer","line":27,"loc":{"start":{"line":27,"column":4},"end":{"line":29,"column":24}}},"4":{"name":"transferFrom","line":33,"loc":{"start":{"line":33,"column":4},"end":{"line":35,"column":24}}},"5":{"name":"approve","line":39,"loc":{"start":{"line":39,"column":4},"end":{"line":40,"column":22}}},"6":{"name":"increaseApproval","line":44,"loc":{"start":{"line":44,"column":4},"end":{"line":45,"column":30}}},"7":{"name":"decreaseApproval","line":49,"loc":{"start":{"line":49,"column":4},"end":{"line":50,"column":30}}}},"statementMap":{"1":{"start":{"line":16,"column":8},"end":{"line":16,"column":34}},"2":{"start":{"line":17,"column":8},"end":{"line":17,"column":36}},"3":{"start":{"line":22,"column":8},"end":{"line":22,"column":38}},"4":{"start":{"line":23,"column":8},"end":{"line":23,"column":46}},"5":{"start":{"line":24,"column":8},"end":{"line":24,"column":65}},"6":{"start":{"line":30,"column":8},"end":{"line":30,"column":42}},"7":{"start":{"line":36,"column":8},"end":{"line":36,"column":53}},"8":{"start":{"line":41,"column":6},"end":{"line":41,"column":44}},"9":{"start":{"line":46,"column":6},"end":{"line":46,"column":58}},"10":{"start":{"line":51,"column":6},"end":{"line":51,"column":63}}},"branchMap":{"1":{"line":16,"type":"if","locations":[{"start":{"line":16,"column":8},"end":{"line":16,"column":8}},{"start":{"line":16,"column":8},"end":{"line":16,"column":8}}]},"2":{"line":17,"type":"if","locations":[{"start":{"line":17,"column":8},"end":{"line":17,"column":8}},{"start":{"line":17,"column":8},"end":{"line":17,"column":8}}]}}},"contracts/lifecycle/Pausable.sol":{"l":{"22":8,"23":8,"30":0,"31":0,"38":0,"39":0,"46":0,"47":0},"path":"/Users/raullen/work/src/github.com/iotexproject/IOTX-token-contracts/contracts/lifecycle/Pausable.sol","s":{"1":8,"2":0,"3":0,"4":0,"5":0,"6":0},"b":{"1":[8,0],"2":[0,0]},"f":{"1":8,"2":0,"3":0,"4":0},"fnMap":{"1":{"name":"whenNotPaused","line":21,"loc":{"start":{"line":21,"column":2},"end":{"line":21,"column":26}}},"2":{"name":"whenPaused","line":29,"loc":{"start":{"line":29,"column":2},"end":{"line":29,"column":23}}},"3":{"name":"pause","line":37,"loc":{"start":{"line":37,"column":2},"end":{"line":37,"column":49}}},"4":{"name":"unpause","line":45,"loc":{"start":{"line":45,"column":2},"end":{"line":45,"column":48}}}},"statementMap":{"1":{"start":{"line":22,"column":4},"end":{"line":22,"column":19}},"2":{"start":{"line":30,"column":4},"end":{"line":30,"column":18}},"3":{"start":{"line":38,"column":4},"end":{"line":38,"column":16}},"4":{"start":{"line":39,"column":4},"end":{"line":39,"column":16}},"5":{"start":{"line":46,"column":4},"end":{"line":46,"column":17}},"6":{"start":{"line":47,"column":4},"end":{"line":47,"column":18}}},"branchMap":{"1":{"line":22,"type":"if","locations":[{"start":{"line":22,"column":4},"end":{"line":22,"column":4}},{"start":{"line":22,"column":4},"end":{"line":22,"column":4}}]},"2":{"line":30,"type":"if","locations":[{"start":{"line":30,"column":4},"end":{"line":30,"column":4}},{"start":{"line":30,"column":4},"end":{"line":30,"column":4}}]}}},"contracts/math/SafeMath.sol":{"l":{"14":0,"15":0,"17":0,"18":0,"19":0,"29":0,"36":8,"37":8,"44":6,"45":6,"46":6},"path":"/Users/raullen/work/src/github.com/iotexproject/IOTX-token-contracts/contracts/math/SafeMath.sol","s":{"1":0,"2":0,"3":0,"4":0,"5":0,"6":0,"7":8,"8":8,"9":6,"10":6,"11":6},"b":{"1":[0,0],"2":[0,0],"3":[8,0],"4":[6,0]},"f":{"1":0,"2":0,"3":8,"4":6},"fnMap":{"1":{"name":"mul","line":13,"loc":{"start":{"line":13,"column":2},"end":{"line":13,"column":70}}},"2":{"name":"div","line":25,"loc":{"start":{"line":25,"column":2},"end":{"line":25,"column":68}}},"3":{"name":"sub","line":35,"loc":{"start":{"line":35,"column":2},"end":{"line":35,"column":68}}},"4":{"name":"add","line":43,"loc":{"start":{"line":43,"column":2},"end":{"line":43,"column":70}}}},"statementMap":{"1":{"start":{"line":14,"column":4},"end":{"line":14,"column":283}},"2":{"start":{"line":15,"column":6},"end":{"line":15,"column":14}},"3":{"start":{"line":17,"column":4},"end":{"line":17,"column":12}},"4":{"start":{"line":18,"column":4},"end":{"line":18,"column":21}},"5":{"start":{"line":19,"column":4},"end":{"line":19,"column":12}},"6":{"start":{"line":29,"column":4},"end":{"line":29,"column":16}},"7":{"start":{"line":36,"column":4},"end":{"line":36,"column":17}},"8":{"start":{"line":37,"column":4},"end":{"line":37,"column":16}},"9":{"start":{"line":44,"column":4},"end":{"line":44,"column":12}},"10":{"start":{"line":45,"column":4},"end":{"line":45,"column":17}},"11":{"start":{"line":46,"column":4},"end":{"line":46,"column":12}}},"branchMap":{"1":{"line":14,"type":"if","locations":[{"start":{"line":14,"column":4},"end":{"line":14,"column":4}},{"start":{"line":14,"column":4},"end":{"line":14,"column":4}}]},"2":{"line":18,"type":"if","locations":[{"start":{"line":18,"column":4},"end":{"line":18,"column":4}},{"start":{"line":18,"column":4},"end":{"line":18,"column":4}}]},"3":{"line":36,"type":"if","locations":[{"start":{"line":36,"column":4},"end":{"line":36,"column":4}},{"start":{"line":36,"column":4},"end":{"line":36,"column":4}}]},"4":{"line":45,"type":"if","locations":[{"start":{"line":45,"column":4},"end":{"line":45,"column":4}},{"start":{"line":45,"column":4},"end":{"line":45,"column":4}}]}}},"contracts/ownership/Ownable.sol":{"l":{"21":8,"28":0,"29":0,"37":0,"38":0,"39":0},"path":"/Users/raullen/work/src/github.com/iotexproject/IOTX-token-contracts/contracts/ownership/Ownable.sol","s":{"1":8,"2":0,"3":0,"4":0,"5":0},"b":{"1":[0,0],"2":[0,0]},"f":{"1":8,"2":0,"3":0},"fnMap":{"1":{"name":"Ownable","line":20,"loc":{"start":{"line":20,"column":2},"end":{"line":20,"column":27}}},"2":{"name":"onlyOwner","line":27,"loc":{"start":{"line":27,"column":2},"end":{"line":27,"column":22}}},"3":{"name":"transferOwnership","line":36,"loc":{"start":{"line":36,"column":2},"end":{"line":36,"column":63}}}},"statementMap":{"1":{"start":{"line":21,"column":4},"end":{"line":21,"column":21}},"2":{"start":{"line":28,"column":4},"end":{"line":28,"column":31}},"3":{"start":{"line":37,"column":4},"end":{"line":37,"column":34}},"4":{"start":{"line":38,"column":4},"end":{"line":38,"column":46}},"5":{"start":{"line":39,"column":4},"end":{"line":39,"column":19}}},"branchMap":{"1":{"line":28,"type":"if","locations":[{"start":{"line":28,"column":4},"end":{"line":28,"column":4}},{"start":{"line":28,"column":4},"end":{"line":28,"column":4}}]},"2":{"line":37,"type":"if","locations":[{"start":{"line":37,"column":4},"end":{"line":37,"column":4}},{"start":{"line":37,"column":4},"end":{"line":37,"column":4}}]}}},"contracts/token/BasicToken.sol":{"l":{"23":1,"32":3,"33":3,"35":3,"36":3,"37":3,"38":3,"47":5},"path":"/Users/raullen/work/src/github.com/iotexproject/IOTX-token-contracts/contracts/token/BasicToken.sol","s":{"1":1,"2":3,"3":3,"4":3,"5":3,"6":3,"7":3,"8":5},"b":{"1":[3,0],"2":[3,0]},"f":{"1":1,"2":3,"3":5},"fnMap":{"1":{"name":"totalSupply","line":22,"loc":{"start":{"line":22,"column":2},"end":{"line":22,"column":54}}},"2":{"name":"transfer","line":31,"loc":{"start":{"line":31,"column":2},"end":{"line":31,"column":70}}},"3":{"name":"balanceOf","line":46,"loc":{"start":{"line":46,"column":2},"end":{"line":46,"column":66}}}},"statementMap":{"1":{"start":{"line":23,"column":4},"end":{"line":23,"column":23}},"2":{"start":{"line":32,"column":4},"end":{"line":32,"column":29}},"3":{"start":{"line":33,"column":4},"end":{"line":33,"column":42}},"4":{"start":{"line":35,"column":4},"end":{"line":35,"column":58}},"5":{"start":{"line":36,"column":4},"end":{"line":36,"column":44}},"6":{"start":{"line":37,"column":4},"end":{"line":37,"column":42}},"7":{"start":{"line":38,"column":4},"end":{"line":38,"column":15}},"8":{"start":{"line":47,"column":4},"end":{"line":47,"column":27}}},"branchMap":{"1":{"line":32,"type":"if","locations":[{"start":{"line":32,"column":4},"end":{"line":32,"column":4}},{"start":{"line":32,"column":4},"end":{"line":32,"column":4}}]},"2":{"line":33,"type":"if","locations":[{"start":{"line":33,"column":4},"end":{"line":33,"column":4}},{"start":{"line":33,"column":4},"end":{"line":33,"column":4}}]}}},"contracts/token/ERC20.sol":{"l":{},"path":"/Users/raullen/work/src/github.com/iotexproject/IOTX-token-contracts/contracts/token/ERC20.sol","s":{},"b":{},"f":{},"fnMap":{},"statementMap":{},"branchMap":{}},"contracts/token/ERC20Basic.sol":{"l":{},"path":"/Users/raullen/work/src/github.com/iotexproject/IOTX-token-contracts/contracts/token/ERC20Basic.sol","s":{},"b":{},"f":{},"fnMap":{},"statementMap":{},"branchMap":{}},"contracts/token/StandardToken.sol":{"l":{"26":2,"27":2,"28":2,"30":2,"31":2,"32":2,"33":2,"34":2,"48":1,"49":1,"50":1,"60":3,"74":1,"75":1,"76":1,"90":1,"91":1,"92":0,"94":1,"96":1,"97":1},"path":"/Users/raullen/work/src/github.com/iotexproject/IOTX-token-contracts/contracts/token/StandardToken.sol","s":{"1":2,"2":2,"3":2,"4":2,"5":2,"6":2,"7":2,"8":2,"9":1,"10":1,"11":1,"12":3,"13":1,"14":1,"15":1,"16":1,"17":1,"18":0,"19":1,"20":1,"21":1},"b":{"1":[2,0],"2":[2,0],"3":[2,0],"4":[0,1]},"f":{"1":2,"2":1,"3":3,"4":1,"5":1},"fnMap":{"1":{"name":"transferFrom","line":25,"loc":{"start":{"line":25,"column":2},"end":{"line":25,"column":89}}},"2":{"name":"approve","line":47,"loc":{"start":{"line":47,"column":2},"end":{"line":47,"column":74}}},"3":{"name":"allowance","line":59,"loc":{"start":{"line":59,"column":2},"end":{"line":59,"column":84}}},"4":{"name":"increaseApproval","line":73,"loc":{"start":{"line":73,"column":2},"end":{"line":73,"column":85}}},"5":{"name":"decreaseApproval","line":89,"loc":{"start":{"line":89,"column":2},"end":{"line":89,"column":90}}}},"statementMap":{"1":{"start":{"line":26,"column":4},"end":{"line":26,"column":29}},"2":{"start":{"line":27,"column":4},"end":{"line":27,"column":37}},"3":{"start":{"line":28,"column":4},"end":{"line":28,"column":48}},"4":{"start":{"line":30,"column":4},"end":{"line":30,"column":48}},"5":{"start":{"line":31,"column":4},"end":{"line":31,"column":44}},"6":{"start":{"line":32,"column":4},"end":{"line":32,"column":70}},"7":{"start":{"line":33,"column":4},"end":{"line":33,"column":37}},"8":{"start":{"line":34,"column":4},"end":{"line":34,"column":15}},"9":{"start":{"line":48,"column":4},"end":{"line":48,"column":41}},"10":{"start":{"line":49,"column":4},"end":{"line":49,"column":47}},"11":{"start":{"line":50,"column":4},"end":{"line":50,"column":15}},"12":{"start":{"line":60,"column":4},"end":{"line":60,"column":36}},"13":{"start":{"line":74,"column":4},"end":{"line":74,"column":81}},"14":{"start":{"line":75,"column":4},"end":{"line":75,"column":70}},"15":{"start":{"line":76,"column":4},"end":{"line":76,"column":15}},"16":{"start":{"line":90,"column":4},"end":{"line":90,"column":48}},"17":{"start":{"line":91,"column":4},"end":{"line":91,"column":3768}},"18":{"start":{"line":92,"column":6},"end":{"line":92,"column":38}},"19":{"start":{"line":94,"column":6},"end":{"line":94,"column":67}},"20":{"start":{"line":96,"column":4},"end":{"line":96,"column":70}},"21":{"start":{"line":97,"column":4},"end":{"line":97,"column":15}}},"branchMap":{"1":{"line":26,"type":"if","locations":[{"start":{"line":26,"column":4},"end":{"line":26,"column":4}},{"start":{"line":26,"column":4},"end":{"line":26,"column":4}}]},"2":{"line":27,"type":"if","locations":[{"start":{"line":27,"column":4},"end":{"line":27,"column":4}},{"start":{"line":27,"column":4},"end":{"line":27,"column":4}}]},"3":{"line":28,"type":"if","locations":[{"start":{"line":28,"column":4},"end":{"line":28,"column":4}},{"start":{"line":28,"column":4},"end":{"line":28,"column":4}}]},"4":{"line":91,"type":"if","locations":[{"start":{"line":91,"column":4},"end":{"line":91,"column":4}},{"start":{"line":91,"column":4},"end":{"line":91,"column":4}}]}}}}