TN:
SF:/Users/raullen/work/src/github.com/iotexproject/IOTX-token-contracts/contracts/IoTeXNetwork.sol
FN:15,validDestination
FN:21,IoTeXNetwork
FN:27,transfer
FN:33,transferFrom
FN:39,approve
FN:44,increaseApproval
FN:49,decreaseApproval
FNF:7
FNH:7
FNDA:5,validDestination
FNDA:8,IoTeXNetwork
FNDA:3,transfer
FNDA:2,transferFrom
FNDA:1,approve
FNDA:1,increaseApproval
FNDA:1,decreaseApproval
DA:16,5
DA:17,5
DA:18,5
DA:22,8
DA:23,8
DA:24,8
DA:30,3
DA:36,2
DA:41,1
DA:46,1
DA:51,1
LF:11
LH:11
BRDA:16,1,0,5
BRDA:16,1,1,0
BRDA:17,2,0,5
BRDA:17,2,1,0
BRF:4
BRH:2
end_of_record
TN:
SF:/Users/raullen/work/src/github.com/iotexproject/IOTX-token-contracts/contracts/lifecycle/Pausable.sol
FN:21,whenNotPaused
FN:29,whenPaused
FN:37,pause
FN:45,unpause
FNF:4
FNH:1
FNDA:8,whenNotPaused
FNDA:0,whenPaused
FNDA:0,pause
FNDA:0,unpause
DA:22,8
DA:23,8
DA:30,0
DA:31,0
DA:38,0
DA:39,0
DA:46,0
DA:47,0
LF:8
LH:2
BRDA:22,1,0,8
BRDA:22,1,1,0
BRDA:30,2,0,0
BRDA:30,2,1,0
BRF:4
BRH:1
end_of_record
TN:
SF:/Users/raullen/work/src/github.com/iotexproject/IOTX-token-contracts/contracts/math/SafeMath.sol
FN:13,mul
FN:25,div
FN:35,sub
FN:43,add
FNF:4
FNH:2
FNDA:0,mul
FNDA:0,div
FNDA:8,sub
FNDA:6,add
DA:14,0
DA:15,0
DA:17,0
DA:18,0
DA:19,0
DA:29,0
DA:36,8
DA:37,8
DA:44,6
DA:45,6
DA:46,6
LF:11
LH:5
BRDA:14,1,0,0
BRDA:14,1,1,0
BRDA:18,2,0,0
BRDA:18,2,1,0
BRDA:36,3,0,8
BRDA:36,3,1,0
BRDA:45,4,0,6
BRDA:45,4,1,0
BRF:8
BRH:2
end_of_record
TN:
SF:/Users/raullen/work/src/github.com/iotexproject/IOTX-token-contracts/contracts/ownership/Ownable.sol
FN:20,Ownable
FN:27,onlyOwner
FN:36,transferOwnership
FNF:3
FNH:1
FNDA:8,Ownable
FNDA:0,onlyOwner
FNDA:0,transferOwnership
DA:21,8
DA:28,0
DA:29,0
DA:37,0
DA:38,0
DA:39,0
LF:6
LH:1
BRDA:28,1,0,0
BRDA:28,1,1,0
BRDA:37,2,0,0
BRDA:37,2,1,0
BRF:4
BRH:0
end_of_record
TN:
SF:/Users/raullen/work/src/github.com/iotexproject/IOTX-token-contracts/contracts/token/BasicToken.sol
FN:22,totalSupply
FN:31,transfer
FN:46,balanceOf
FNF:3
FNH:3
FNDA:1,totalSupply
FNDA:3,transfer
FNDA:5,balanceOf
DA:23,1
DA:32,3
DA:33,3
DA:35,3
DA:36,3
DA:37,3
DA:38,3
DA:47,5
LF:8
LH:8
BRDA:32,1,0,3
BRDA:32,1,1,0
BRDA:33,2,0,3
BRDA:33,2,1,0
BRF:4
BRH:2
end_of_record
TN:
SF:/Users/raullen/work/src/github.com/iotexproject/IOTX-token-contracts/contracts/token/ERC20.sol
FNF:0
FNH:0
LF:0
LH:0
BRF:0
BRH:0
end_of_record
TN:
SF:/Users/raullen/work/src/github.com/iotexproject/IOTX-token-contracts/contracts/token/ERC20Basic.sol
FNF:0
FNH:0
LF:0
LH:0
BRF:0
BRH:0
end_of_record
TN:
SF:/Users/raullen/work/src/github.com/iotexproject/IOTX-token-contracts/contracts/token/StandardToken.sol
FN:25,transferFrom
FN:47,approve
FN:59,allowance
FN:73,increaseApproval
FN:89,decreaseApproval
FNF:5
FNH:5
FNDA:2,transferFrom
FNDA:1,approve
FNDA:3,allowance
FNDA:1,increaseApproval
FNDA:1,decreaseApproval
DA:26,2
DA:27,2
DA:28,2
DA:30,2
DA:31,2
DA:32,2
DA:33,2
DA:34,2
DA:48,1
DA:49,1
DA:50,1
DA:60,3
DA:74,1
DA:75,1
DA:76,1
DA:90,1
DA:91,1
DA:92,0
DA:94,1
DA:96,1
DA:97,1
LF:21
LH:20
BRDA:26,1,0,2
BRDA:26,1,1,0
BRDA:27,2,0,2
BRDA:27,2,1,0
BRDA:28,3,0,2
BRDA:28,3,1,0
BRDA:91,4,0,0
BRDA:91,4,1,1
BRF:8
BRH:4
end_of_record
